Exit code: 0
Compiler flags: -fsycl -O2 -std=c++17 -fsycl-unnamed-lambda -sycl-std=2020 -fhonor-nans -fhonor-infinities -fno-associative-math -fno-approx-func -no-ftz -fsycl-targets=spir64_gen,spir64
AOT Targets: pvc,bmg,dg2,arl-h,mtl-h,lnl-m,ptl-h,ptl-u
=== STDOUT ===
=== SYCL Compilation for Intel XPU (BMG Support) ===
Timestamp: 20260308_125204
Kernel: copy_type_converted_kernel.dp
Source: /workspace/kernel_dataset/sycl/copy_type_converted_kernel.dp.cpp
Compiler: icpx
Compile Flags: -fsycl -O2 -std=c++17 -fsycl-unnamed-lambda -sycl-std=2020 -fhonor-nans -fhonor-infinities -fno-associative-math -fno-approx-func -no-ftz -fsycl-targets=spir64_gen,spir64
Device Link Flags: -fsycl-max-parallel-link-jobs=4 --offload-compress -fsycl-targets=spir64_gen,spir64 -Xs '-device pvc,bmg,dg2,arl-h,mtl-h,lnl-m,ptl-h,ptl-u -options -cl-poison-unsupported-fp64-kernels -options -cl-intel-enable-auto-large-GRF-mode -options -cl-fp32-correctly-rounded-divide-sqrt -options -cl-intel-greater-than-4GB-buffer-required'
AOT Targets: pvc,bmg,dg2,arl-h,mtl-h,lnl-m,ptl-h,ptl-u

Step 1: Compiling source to object file...

Step 2: Linking device code for AOT targets...
Compilation from IR - skipping loading of FCL
Build succeeded for : pvc.
Compilation from IR - skipping loading of FCL
Build succeeded for : bmg.
Compilation from IR - skipping loading of FCL
Build succeeded for : dg2.
Compilation from IR - skipping loading of FCL
Build succeeded for : arl-h.
Compilation from IR - skipping loading of FCL
Build succeeded for : mtl-h.
Compilation from IR - skipping loading of FCL
Build succeeded for : lnl-m.
Compilation from IR - skipping loading of FCL
Build succeeded for : ptl-h.
Compilation from IR - skipping loading of FCL
Build succeeded for : ptl-u.
Compilation from IR - skipping loading of FCL
Build succeeded for : pvc.
Compilation from IR - skipping loading of FCL
Build succeeded for : bmg.
Compilation from IR - skipping loading of FCL
Build succeeded for : dg2.
Compilation from IR - skipping loading of FCL
Build succeeded for : arl-h.
Compilation from IR - skipping loading of FCL
Build succeeded for : mtl-h.
Compilation from IR - skipping loading of FCL
Build succeeded for : lnl-m.
Compilation from IR - skipping loading of FCL
Build succeeded for : ptl-h.
Compilation from IR - skipping loading of FCL
Build succeeded for : ptl-u.
/usr/bin/ld: /lib/x86_64-linux-gnu/Scrt1.o: in function `_start':
(.text+0x1b): undefined reference to `main'
icpx: error: linker command failed with exit code 1 (use -v to see invocation)
[WARNING] Device linking step 2 failed with exit code 1
This may be expected for kernels without device code or if AOT is not needed

=== Compilation Successful ===
Output file: /workspace/build_sycl/copy_type_converted_kernel.dp.o
-rw-r--r-- 1 root root 59K Mar  8 12:52 /workspace/build_sycl/copy_type_converted_kernel.dp.o

Checking device code presence...
✓ Device code present in object file

=== Compilation Exit Code: 0 ===

=== STDERR ===
+ echo '=== SYCL Compilation for Intel XPU (BMG Support) ==='
+ echo 'Timestamp: 20260308_125204'
+ echo 'Kernel: copy_type_converted_kernel.dp'
+ echo 'Source: /workspace/kernel_dataset/sycl/copy_type_converted_kernel.dp.cpp'
+ echo 'Compiler: icpx'
+ echo 'Compile Flags: -fsycl -O2 -std=c++17 -fsycl-unnamed-lambda -sycl-std=2020 -fhonor-nans -fhonor-infinities -fno-associative-math -fno-approx-func -no-ftz -fsycl-targets=spir64_gen,spir64'
+ echo 'Device Link Flags: -fsycl-max-parallel-link-jobs=4 --offload-compress -fsycl-targets=spir64_gen,spir64 -Xs '\''-device pvc,bmg,dg2,arl-h,mtl-h,lnl-m,ptl-h,ptl-u -options -cl-poison-unsupported-fp64-kernels -options -cl-intel-enable-auto-large-GRF-mode -options -cl-fp32-correctly-rounded-divide-sqrt -options -cl-intel-greater-than-4GB-buffer-required'\'''
+ echo 'AOT Targets: pvc,bmg,dg2,arl-h,mtl-h,lnl-m,ptl-h,ptl-u'
+ echo ''
+ '[' '!' -f /workspace/kernel_dataset/sycl/copy_type_converted_kernel.dp.cpp ']'
+ mkdir -p /workspace/build_sycl
+ mkdir -p /workspace/results/b60
+ echo 'Step 1: Compiling source to object file...'
+ icpx -fsycl -O2 -std=c++17 -fsycl-unnamed-lambda -sycl-std=2020 -fhonor-nans -fhonor-infinities -fno-associative-math -fno-approx-func -no-ftz -fsycl-targets=spir64_gen,spir64 -c /workspace/kernel_dataset/sycl/copy_type_converted_kernel.dp.cpp -o /workspace/build_sycl/copy_type_converted_kernel.dp.o
+ tee /workspace/results/b60/compile_copy_type_converted_kernel.dp_20260308_125204.log.step1
+ STEP1_EXIT=0
+ '[' 0 -ne 0 ']'
+ echo ''
+ echo 'Step 2: Linking device code for AOT targets...'
+ icpx -fsycl -fsycl-max-parallel-link-jobs=4 --offload-compress -fsycl-targets=spir64_gen,spir64 -Xs '-device pvc,bmg,dg2,arl-h,mtl-h,lnl-m,ptl-h,ptl-u -options -cl-poison-unsupported-fp64-kernels -options -cl-intel-enable-auto-large-GRF-mode -options -cl-fp32-correctly-rounded-divide-sqrt -options -cl-intel-greater-than-4GB-buffer-required' /workspace/build_sycl/copy_type_converted_kernel.dp.o -o /workspace/build_sycl/copy_type_converted_kernel.dp.o.linked
+ tee /workspace/results/b60/compile_copy_type_converted_kernel.dp_20260308_125204.log.step2
+ STEP2_EXIT=1
+ '[' 1 -ne 0 ']'
+ echo '[WARNING] Device linking step 2 failed with exit code 1'
+ echo 'This may be expected for kernels without device code or if AOT is not needed'
+ cat /workspace/results/b60/compile_copy_type_converted_kernel.dp_20260308_125204.log.step1
+ '[' -f /workspace/results/b60/compile_copy_type_converted_kernel.dp_20260308_125204.log.step2 ']'
+ echo ''
+ echo '=== Device Link Step ==='
+ cat /workspace/results/b60/compile_copy_type_converted_kernel.dp_20260308_125204.log.step2
+ EXIT_CODE=0
+ '[' -f /workspace/build_sycl/copy_type_converted_kernel.dp.o ']'
+ echo ''
+ echo '=== Compilation Successful ==='
+ echo 'Output file: /workspace/build_sycl/copy_type_converted_kernel.dp.o'
+ ls -lh /workspace/build_sycl/copy_type_converted_kernel.dp.o
+ echo ''
+ echo 'Checking device code presence...'
+ objdump -h /workspace/build_sycl/copy_type_converted_kernel.dp.o
+ grep -q .text
+ echo '✓ Device code present in object file'
+ echo ''
+ echo '=== Compilation Exit Code: 0 ==='
+ exit 0
