Exit code: 1
Compiler flags: -fsycl -O2 -std=c++17 -fsycl-unnamed-lambda -sycl-std=2020 -fhonor-nans -fhonor-infinities -fno-associative-math -fno-approx-func -no-ftz -fsycl-targets=spir64_gen,spir64
AOT Targets: pvc,bmg,dg2,arl-h,mtl-h,lnl-m,ptl-h,ptl-u
=== STDOUT ===
=== SYCL Compilation for Intel XPU (BMG Support) ===
Timestamp: 20260308_085322
Kernel: global_avg_pool_kernel.dp
Source: /workspace/kernel_dataset/sycl/global_avg_pool_kernel.dp.cpp
Compiler: icpx
Compile Flags: -fsycl -O2 -std=c++17 -fsycl-unnamed-lambda -sycl-std=2020 -fhonor-nans -fhonor-infinities -fno-associative-math -fno-approx-func -no-ftz -fsycl-targets=spir64_gen,spir64
Device Link Flags: -fsycl-max-parallel-link-jobs=4 --offload-compress -fsycl-targets=spir64_gen,spir64 -Xs '-device pvc,bmg,dg2,arl-h,mtl-h,lnl-m,ptl-h,ptl-u -options -cl-poison-unsupported-fp64-kernels -options -cl-intel-enable-auto-large-GRF-mode -options -cl-fp32-correctly-rounded-divide-sqrt -options -cl-intel-greater-than-4GB-buffer-required'
AOT Targets: pvc,bmg,dg2,arl-h,mtl-h,lnl-m,ptl-h,ptl-u

Step 1: Compiling source to object file...
/workspace/kernel_dataset/sycl/global_avg_pool_kernel.dp.cpp:1:1: error: expected unqualified-id
    1 | 1.  **Analyze the Request:**
      | ^
/workspace/kernel_dataset/sycl/global_avg_pool_kernel.dp.cpp:69:293: warning: missing terminating ' character [-Winvalid-pp-token]
   69 |                 *   *Alternative:* If strict adherence to the manual loop structure is required (though less efficient/readable in SYCL), one could use `sycl::select_from_group` or `sycl::permute_group_by_xor`. However, `reduce_over_group` is the standard translation for a warp-wide sum. Let's look at the CUDA logic: `S += __shfl_down_sync(...)`. This is a standard butterfly reduction. `sycl::reduce_over_group` does exactly this.
      |                                                                                                                                                                                                                                                                                                     ^
/workspace/kernel_dataset/sycl/global_avg_pool_kernel.dp.cpp:72:113: error: expected unqualified-id
   72 |                 *   SYCL equivalent: `S = sycl::reduce_over_group(item.get_sub_group(), S, sycl::plus<float>());`.
      |                                                                                                                 ^
/workspace/kernel_dataset/sycl/global_avg_pool_kernel.dp.cpp:89:128: error: expected unqualified-id
   89 |                     *   Inside handler: `cgh.parallel_for(sycl::nd_range<1>(blocks * kBlockSize, kBlockSize), KernelName(...));`.
      |                                                                                                                                ^
/workspace/kernel_dataset/sycl/global_avg_pool_kernel.dp.cpp:116:9: error: expected unqualified-id
  116 |         ```
      |         ^
/workspace/kernel_dataset/sycl/global_avg_pool_kernel.dp.cpp:125:9: error: expected unqualified-id
  125 |         ```
      |         ^
/workspace/kernel_dataset/sycl/global_avg_pool_kernel.dp.cpp:127:83: error: expected unqualified-id
  127 |         `S = sycl::reduce_over_group(item.get_sub_group(), S, std::plus<float>());`
      |                                                                                   ^
/workspace/kernel_dataset/sycl/global_avg_pool_kernel.dp.cpp:143:9: error: expected unqualified-id
  143 |         ```
      |         ^
/workspace/kernel_dataset/sycl/global_avg_pool_kernel.dp.cpp:161:67: error: expected unqualified-id
  161 |     *   *Namespace:* `lczero { namespace sycldnn_backend { ... } }`
      |                                                                   ^
/workspace/kernel_dataset/sycl/global_avg_pool_kernel.dp.cpp:173:103: error: expected unqualified-id
  173 |             *   Reduction: `S = sycl::reduce_over_group(item.get_sub_group(), S, sycl::plus<float>());`.
      |                                                                                                       ^
/workspace/kernel_dataset/sycl/global_avg_pool_kernel.dp.cpp:195:331: warning: missing terminating ' character [-Winvalid-pp-token]
  195 |     One subtle detail: The CUDA code assumes the warp size is exactly 32. The SYCL code launches with a local size of 256 (8 warps of 32). On GPUs where sub-group size is not 32 (e.g., some Intel GPUs might have 8 or 16), the logic `laneId = item.get_local_id(0) & 0x1F` and the loop `i < 64` might break if the sub-group size isn't 32.
      |                                                                                                                                                                                                                                                                                                                                           ^
/workspace/kernel_dataset/sycl/global_avg_pool_kernel.dp.cpp:203:5: error: expected unqualified-id
  203 |     ```
      |     ^
/workspace/kernel_dataset/sycl/global_avg_pool_kernel.dp.cpp:226:45: error: expected unqualified-id
  226 |     `assert((std::is_same<half, T>::value));` -> `assert((std::is_same<sycl::half, T>::value));`.
      |                                             ^
/workspace/kernel_dataset/sycl/global_avg_pool_kernel.dp.cpp:226:96: error: expected unqualified-id
  226 |     `assert((std::is_same<half, T>::value));` -> `assert((std::is_same<sycl::half, T>::value));`.
      |                                                                                                ^
/workspace/kernel_dataset/sycl/global_avg_pool_kernel.dp.cpp:229:7: warning: missing terminating ' character [-Winvalid-pp-token]
  229 |     It's a simple helper, keep it inside namespace.
      |       ^
/workspace/kernel_dataset/sycl/global_avg_pool_kernel.dp.cpp:233:308: error: invalid suffix on literal; C++11 requires a space between literal and identifier [-Wreserved-user-defined-literal]
  233 |     I will name the struct `globalAvgPool_kernel` to match the source name, or `GlobalAvgPoolKernel` to follow SYCL conventions (PascalCase for types). The prompt says "Convert kernels to functors". I'll use `globalAvgPool_kernel` struct name to minimize diff noise, or `GlobalAvgPoolKernel` for style. Let's stick to `globalAvgPool_kernel` struct name to be safe with the "Preserve all" rule regarding names, although usually classes are PascalCase. I'll use `globalAvgPool_kernel` as the struct name.
      |                                                                                                                                                                                                                                                                                                                    ^
      |                                                                                                                                                                                                                                                                                                                     
/workspace/kernel_dataset/sycl/global_avg_pool_kernel.dp.cpp:233:453: warning: missing terminating ' character [-Winvalid-pp-token]
  233 |     I will name the struct `globalAvgPool_kernel` to match the source name, or `GlobalAvgPoolKernel` to follow SYCL conventions (PascalCase for types). The prompt says "Convert kernels to functors". I'll use `globalAvgPool_kernel` struct name to minimize diff noise, or `GlobalAvgPoolKernel` for style. Let's stick to `globalAvgPool_kernel` struct name to be safe with the "Preserve all" rule regarding names, although usually classes are PascalCase. I'll use `globalAvgPool_kernel` as the struct name.
      |                                                                                                                                                                                                                                                                                                                                                                                                                                                                     ^
/workspace/kernel_dataset/sycl/global_avg_pool_kernel.dp.cpp:325:62: error: expected ')'
  325 |                                             const sycl::half*
      |                                                              ^
/workspace/kernel_dataset/sycl/global_avg_pool_kernel.dp.cpp:324:44: note: to match this '('
  324 |     template void globalAvgPool<sycl::half>(int N, int C, sycl::half* output, const sycl::half* input,
      |                                            ^
/workspace/kernel_dataset/sycl/global_avg_pool_kernel.dp.cpp:325:62: error: expected function body after function declarator
  325 |                                             const sycl::half*
      |                                                              ^
/workspace/kernel_dataset/sycl/global_avg_pool_kernel.dp.cpp:325:62: error: expected '}'
/workspace/kernel_dataset/sycl/global_avg_pool_kernel.dp.cpp:254:31: note: to match this '{'
  254 |     namespace sycldnn_backend {
      |                               ^
/workspace/kernel_dataset/sycl/global_avg_pool_kernel.dp.cpp:325:62: error: expected '}'
  325 |                                             const sycl::half*
      |                                                              ^
/workspace/kernel_dataset/sycl/global_avg_pool_kernel.dp.cpp:253:22: note: to match this '{'
  253 |     namespace lczero {
      |                      ^
4 warnings and 17 errors generated.
[ERROR] Compilation step 1 failed with exit code 1

=== STDERR ===
+ echo '=== SYCL Compilation for Intel XPU (BMG Support) ==='
+ echo 'Timestamp: 20260308_085322'
+ echo 'Kernel: global_avg_pool_kernel.dp'
+ echo 'Source: /workspace/kernel_dataset/sycl/global_avg_pool_kernel.dp.cpp'
+ echo 'Compiler: icpx'
+ echo 'Compile Flags: -fsycl -O2 -std=c++17 -fsycl-unnamed-lambda -sycl-std=2020 -fhonor-nans -fhonor-infinities -fno-associative-math -fno-approx-func -no-ftz -fsycl-targets=spir64_gen,spir64'
+ echo 'Device Link Flags: -fsycl-max-parallel-link-jobs=4 --offload-compress -fsycl-targets=spir64_gen,spir64 -Xs '\''-device pvc,bmg,dg2,arl-h,mtl-h,lnl-m,ptl-h,ptl-u -options -cl-poison-unsupported-fp64-kernels -options -cl-intel-enable-auto-large-GRF-mode -options -cl-fp32-correctly-rounded-divide-sqrt -options -cl-intel-greater-than-4GB-buffer-required'\'''
+ echo 'AOT Targets: pvc,bmg,dg2,arl-h,mtl-h,lnl-m,ptl-h,ptl-u'
+ echo ''
+ '[' '!' -f /workspace/kernel_dataset/sycl/global_avg_pool_kernel.dp.cpp ']'
+ mkdir -p /workspace/build_sycl
+ mkdir -p /workspace/results/b60
+ echo 'Step 1: Compiling source to object file...'
+ icpx -fsycl -O2 -std=c++17 -fsycl-unnamed-lambda -sycl-std=2020 -fhonor-nans -fhonor-infinities -fno-associative-math -fno-approx-func -no-ftz -fsycl-targets=spir64_gen,spir64 -c /workspace/kernel_dataset/sycl/global_avg_pool_kernel.dp.cpp -o /workspace/build_sycl/global_avg_pool_kernel.dp.o
+ tee /workspace/results/b60/compile_global_avg_pool_kernel.dp_20260308_085322.log.step1
+ STEP1_EXIT=1
+ '[' 1 -ne 0 ']'
+ echo '[ERROR] Compilation step 1 failed with exit code 1'
+ exit 1
