Exit code: 1
Compiler flags: -fsycl -O2 -std=c++17 -fsycl-unnamed-lambda -sycl-std=2020 -fhonor-nans -fhonor-infinities -fno-associative-math -fno-approx-func -no-ftz -fsycl-targets=spir64_gen,spir64
AOT Targets: pvc,bmg,dg2,arl-h,mtl-h,lnl-m,ptl-h,ptl-u
=== STDOUT ===
=== SYCL Compilation for Intel XPU (BMG Support) ===
Timestamp: 20260309_124341
Kernel: add_vectors_kernel.dp
Source: /workspace/kernel_dataset/sycl/add_vectors_kernel.dp.cpp
Compiler: icpx
Compile Flags: -fsycl -O2 -std=c++17 -fsycl-unnamed-lambda -sycl-std=2020 -fhonor-nans -fhonor-infinities -fno-associative-math -fno-approx-func -no-ftz -fsycl-targets=spir64_gen,spir64
Device Link Flags: -fsycl-max-parallel-link-jobs=4 --offload-compress -fsycl-targets=spir64_gen,spir64 -Xs '-device pvc,bmg,dg2,arl-h,mtl-h,lnl-m,ptl-h,ptl-u -options -cl-poison-unsupported-fp64-kernels -options -cl-intel-enable-auto-large-GRF-mode -options -cl-fp32-correctly-rounded-divide-sqrt -options -cl-intel-greater-than-4GB-buffer-required'
AOT Targets: pvc,bmg,dg2,arl-h,mtl-h,lnl-m,ptl-h,ptl-u

Step 1: Compiling source to object file...
/workspace/kernel_dataset/sycl/add_vectors_kernel.dp.cpp:30:10: fatal error: 'cuda_common.h' file not found
   30 | #include "cuda_common.h"
      |          ^~~~~~~~~~~~~~~
1 error generated.
[ERROR] Compilation step 1 failed with exit code 1

=== STDERR ===
+ echo '=== SYCL Compilation for Intel XPU (BMG Support) ==='
+ echo 'Timestamp: 20260309_124341'
+ echo 'Kernel: add_vectors_kernel.dp'
+ echo 'Source: /workspace/kernel_dataset/sycl/add_vectors_kernel.dp.cpp'
+ echo 'Compiler: icpx'
+ echo 'Compile Flags: -fsycl -O2 -std=c++17 -fsycl-unnamed-lambda -sycl-std=2020 -fhonor-nans -fhonor-infinities -fno-associative-math -fno-approx-func -no-ftz -fsycl-targets=spir64_gen,spir64'
+ echo 'Device Link Flags: -fsycl-max-parallel-link-jobs=4 --offload-compress -fsycl-targets=spir64_gen,spir64 -Xs '\''-device pvc,bmg,dg2,arl-h,mtl-h,lnl-m,ptl-h,ptl-u -options -cl-poison-unsupported-fp64-kernels -options -cl-intel-enable-auto-large-GRF-mode -options -cl-fp32-correctly-rounded-divide-sqrt -options -cl-intel-greater-than-4GB-buffer-required'\'''
+ echo 'AOT Targets: pvc,bmg,dg2,arl-h,mtl-h,lnl-m,ptl-h,ptl-u'
+ echo ''
+ '[' '!' -f /workspace/kernel_dataset/sycl/add_vectors_kernel.dp.cpp ']'
+ mkdir -p /workspace/build_sycl
+ mkdir -p /workspace/results/b60
+ echo 'Step 1: Compiling source to object file...'
+ icpx -fsycl -O2 -std=c++17 -fsycl-unnamed-lambda -sycl-std=2020 -fhonor-nans -fhonor-infinities -fno-associative-math -fno-approx-func -no-ftz -fsycl-targets=spir64_gen,spir64 -c /workspace/kernel_dataset/sycl/add_vectors_kernel.dp.cpp -o /workspace/build_sycl/add_vectors_kernel.dp.o
+ tee /workspace/results/b60/compile_add_vectors_kernel.dp_20260309_124341.log.step1
+ STEP1_EXIT=1
+ '[' 1 -ne 0 ']'
+ echo '[ERROR] Compilation step 1 failed with exit code 1'
+ exit 1
