Exit code: 1
=== STDOUT ===
=== SYCL Compilation Start ===
Timestamp: 20260304_030707
Kernel: winograd_input_transform_kernel.dp
Source: /workspace/kernel_dataset/sycl/winograd_input_transform_kernel.dp.cpp
Compiler: icpx
Flags: -fsycl -O2 -std=c++17

Starting compilation...
/workspace/kernel_dataset/sycl/winograd_input_transform_kernel.dp.cpp:29:10: fatal error: 'sycl/ext/oneapi/experimental/bfloat16.hpp' file not found
   29 | #include <sycl/ext/oneapi/experimental/bfloat16.hpp>
      |          ^~~~~~~~~~~~~~~~~~~~~~~~~~~~~~~~~~~~~~~~~~~
1 error generated.

=== Compilation Exit Code: 1 ===
Compilation failed!

=== STDERR ===
+ echo '=== SYCL Compilation Start ==='
+ echo 'Timestamp: 20260304_030707'
+ echo 'Kernel: winograd_input_transform_kernel.dp'
+ echo 'Source: /workspace/kernel_dataset/sycl/winograd_input_transform_kernel.dp.cpp'
+ echo 'Compiler: icpx'
+ echo 'Flags: -fsycl -O2 -std=c++17'
+ echo ''
+ '[' '!' -f /workspace/kernel_dataset/sycl/winograd_input_transform_kernel.dp.cpp ']'
+ mkdir -p /workspace/build_sycl
+ mkdir -p /workspace/results/b60
+ echo 'Starting compilation...'
+ icpx -fsycl -O2 -std=c++17 -c /workspace/kernel_dataset/sycl/winograd_input_transform_kernel.dp.cpp -o /workspace/build_sycl/winograd_input_transform_kernel.dp.o
+ tee /workspace/results/b60/compile_winograd_input_transform_kernel.dp_20260304_030707.log
+ EXIT_CODE=1
+ echo ''
+ echo '=== Compilation Exit Code: 1 ==='
+ '[' 1 -eq 0 ']'
+ echo 'Compilation failed!'
+ exit 1
