========================================
批量转换 - 第一批（高优先级基础操作）
========================================
开始时间: Mon Mar  9 12:43:41 PM UTC 2026

转换内核:
  - add_vectors
  - add_vectors_hnc_nhc
  - add_bias_batched
  - add_bias_nchw
  - nchw_to_nhwc

============================================================
🚀 Batch CUDA-to-SYCL Conversion
============================================================
Kernels to process: 5
Output directory: results/batch_conversion/batch1
Workers: 2
============================================================
[12:43:41] [INFO] Starting batch conversion of 5 kernels
[12:43:41] [INFO] Output directory: results/batch_conversion/batch1
[12:43:41] [INFO] Workers: 2
[12:43:41] [INFO] Starting conversion: add_vectors
🚀 [UnifiedOrchestrator] 启动统一转换: add_vectors
   Session ID: add_vectors_20260309_124341

📊 Phase 1: CUDA分析...
   📈 分析结果: 78行
      Device函数: 0
      Global kernels: 1
      复杂度: Level 2

🔄 Phase 2: SYCL转换...
   📝 Applied 17 replacement rules
   ✅ Rule-based conversion complete

🔨 Phase 3: 编译验证...
   编译尝试 1/5...
   🔧 检测到错误，尝试自动修复...
   ⚠️  无法自动修复，继续下一次尝试
   编译尝试 2/5...
   🔧 检测到错误，尝试自动修复...
   ⚠️  无法自动修复，继续下一次尝试
   编译尝试 3/5...
   🔧 检测到错误，尝试自动修复...
   ⚠️  无法自动修复，继续下一次尝试
   编译尝试 4/5...
   🔧 检测到错误，尝试自动修复...
   ⚠️  无法自动修复，继续下一次尝试
   编译尝试 5/5...

❌ [UnifiedOrchestrator] 转换失败: 编译失败: Max retry attempts exceeded
[12:43:43] [INFO] Completed add_vectors: failed
[12:43:43] [INFO] Starting conversion: add_vectors_hnc_nhc
🚀 [UnifiedOrchestrator] 启动统一转换: add_vectors_hnc_nhc
   Session ID: add_vectors_hnc_nhc_20260309_124343

📊 Phase 1: CUDA分析...
   📈 分析结果: 77行
      Device函数: 0
      Global kernels: 1
      复杂度: Level 2

🔄 Phase 2: SYCL转换...
   📝 Applied 17 replacement rules
   ✅ Rule-based conversion complete

🔨 Phase 3: 编译验证...
   编译尝试 1/5...
   🔧 检测到错误，尝试自动修复...
   ⚠️  无法自动修复，继续下一次尝试
   编译尝试 2/5...
   🔧 检测到错误，尝试自动修复...
   ⚠️  无法自动修复，继续下一次尝试
   编译尝试 3/5...
   🔧 检测到错误，尝试自动修复...
   ⚠️  无法自动修复，继续下一次尝试
   编译尝试 4/5...
   🔧 检测到错误，尝试自动修复...
   ⚠️  无法自动修复，继续下一次尝试
   编译尝试 5/5...

❌ [UnifiedOrchestrator] 转换失败: 编译失败: Max retry attempts exceeded
[12:43:46] [INFO] Completed add_vectors_hnc_nhc: failed
[12:43:46] [INFO] Starting conversion: add_bias_batched
🚀 [UnifiedOrchestrator] 启动统一转换: add_bias_batched
   Session ID: add_bias_batched_20260309_124346

📊 Phase 1: CUDA分析...
   📈 分析结果: 153行
      Device函数: 0
      Global kernels: 1
      复杂度: Level 2

🔄 Phase 2: SYCL转换...
   📝 Applied 17 replacement rules
   ✅ Rule-based conversion complete

🔨 Phase 3: 编译验证...
   编译尝试 1/5...
   🔧 检测到错误，尝试自动修复...
   ⚠️  无法自动修复，继续下一次尝试
   编译尝试 2/5...
   🔧 检测到错误，尝试自动修复...
   ⚠️  无法自动修复，继续下一次尝试
   编译尝试 3/5...
   🔧 检测到错误，尝试自动修复...
   ⚠️  无法自动修复，继续下一次尝试
   编译尝试 4/5...
   🔧 检测到错误，尝试自动修复...
   ⚠️  无法自动修复，继续下一次尝试
   编译尝试 5/5...

❌ [UnifiedOrchestrator] 转换失败: 编译失败: Max retry attempts exceeded
[12:43:48] [INFO] Completed add_bias_batched: failed
[12:43:48] [INFO] Starting conversion: add_bias_nchw
🚀 [UnifiedOrchestrator] 启动统一转换: add_bias_nchw
   Session ID: add_bias_nchw_20260309_124348

📊 Phase 1: CUDA分析...
   📈 分析结果: 155行
      Device函数: 2
      Global kernels: 1
      复杂度: Level 2

🔄 Phase 2: SYCL转换...
   📝 Applied 17 replacement rules
   ✅ Rule-based conversion complete

🔨 Phase 3: 编译验证...
   编译尝试 1/5...
   🔧 检测到错误，尝试自动修复...
   ⚠️  无法自动修复，继续下一次尝试
   编译尝试 2/5...
   🔧 检测到错误，尝试自动修复...
   ⚠️  无法自动修复，继续下一次尝试
   编译尝试 3/5...
   🔧 检测到错误，尝试自动修复...
   ⚠️  无法自动修复，继续下一次尝试
   编译尝试 4/5...
   🔧 检测到错误，尝试自动修复...
   ⚠️  无法自动修复，继续下一次尝试
   编译尝试 5/5...

❌ [UnifiedOrchestrator] 转换失败: 编译失败: Max retry attempts exceeded
[12:43:58] [INFO] Completed add_bias_nchw: failed
[12:43:58] [INFO] Starting conversion: nchw_to_nhwc
🚀 [UnifiedOrchestrator] 启动统一转换: nchw_to_nhwc
   Session ID: nchw_to_nhwc_20260309_124358

📊 Phase 1: CUDA分析...
   📈 分析结果: 103行
      Device函数: 1
      Global kernels: 1
      复杂度: Level 2

🔄 Phase 2: SYCL转换...
   📝 Applied 17 replacement rules
   ✅ Rule-based conversion complete

🔨 Phase 3: 编译验证...
   编译尝试 1/5...
   🔧 检测到错误，尝试自动修复...
   ⚠️  无法自动修复，继续下一次尝试
   编译尝试 2/5...
   🔧 检测到错误，尝试自动修复...
   ⚠️  无法自动修复，继续下一次尝试
   编译尝试 3/5...
   🔧 检测到错误，尝试自动修复...
   ⚠️  无法自动修复，继续下一次尝试
   编译尝试 4/5...
   🔧 检测到错误，尝试自动修复...
   ⚠️  无法自动修复，继续下一次尝试
   编译尝试 5/5...

❌ [UnifiedOrchestrator] 转换失败: 编译失败: Max retry attempts exceeded
[12:44:00] [INFO] Completed nchw_to_nhwc: failed
[12:44:00] [INFO] Batch conversion completed
[12:44:00] [INFO] Report saved to: results/batch_conversion/batch1/completion_report.json
[12:44:00] [INFO] Markdown report: results/batch_conversion/batch1/completion_report.md

============================================================
📊 Batch Conversion Complete
============================================================
Success Rate: 0.0%
Successful: 0/5
Failed: 5/5
Output: results/batch_conversion/batch1/
============================================================

========================================
第一批转换完成
结束时间: Mon Mar  9 12:44:00 PM UTC 2026
结果: results/batch_conversion/batch1/
========================================
