========================================
批量转换 - 第二批（全局操作和预处理）
========================================
开始时间: Mon Mar  9 12:44:17 PM UTC 2026

转换内核:
  - global_scale
  - global_scale_fp16_nhwc
  - global_avg_pool_nhwc_fp16
  - expand_planes_nhwc
  - input_gating

============================================================
🚀 Batch CUDA-to-SYCL Conversion
============================================================
Kernels to process: 5
Output directory: results/batch_conversion/batch2
Workers: 2
============================================================
[12:44:17] [INFO] Starting batch conversion of 5 kernels
[12:44:17] [INFO] Output directory: results/batch_conversion/batch2
[12:44:17] [INFO] Workers: 2
[12:44:17] [INFO] Starting conversion: global_scale
🚀 [UnifiedOrchestrator] 启动统一转换: global_scale
   Session ID: global_scale_20260309_124417

📊 Phase 1: CUDA分析...
   📈 分析结果: 93行
      Device函数: 0
      Global kernels: 1
      复杂度: Level 2

🔄 Phase 2: SYCL转换...
   📝 Applied 17 replacement rules
   ✅ Rule-based conversion complete

🔨 Phase 3: 编译验证...
   编译尝试 1/5...
   🔧 检测到错误，尝试自动修复...
   ⚠️  无法自动修复，继续下一次尝试
   编译尝试 2/5...
   🔧 检测到错误，尝试自动修复...
   ⚠️  无法自动修复，继续下一次尝试
   编译尝试 3/5...
   🔧 检测到错误，尝试自动修复...
   ⚠️  无法自动修复，继续下一次尝试
   编译尝试 4/5...
   🔧 检测到错误，尝试自动修复...
   ⚠️  无法自动修复，继续下一次尝试
   编译尝试 5/5...

❌ [UnifiedOrchestrator] 转换失败: 编译失败: Max retry attempts exceeded
[12:44:20] [INFO] Completed global_scale: failed
[12:44:20] [INFO] Starting conversion: global_scale_fp16_nhwc
🚀 [UnifiedOrchestrator] 启动统一转换: global_scale_fp16_nhwc
   Session ID: global_scale_fp16_nhwc_20260309_124420

📊 Phase 1: CUDA分析...
   📈 分析结果: 86行
      Device函数: 0
      Global kernels: 1
      复杂度: Level 2

🔄 Phase 2: SYCL转换...
   📝 Applied 17 replacement rules
   ✅ Rule-based conversion complete

🔨 Phase 3: 编译验证...
   编译尝试 1/5...
   🔧 检测到错误，尝试自动修复...
   ⚠️  无法自动修复，继续下一次尝试
   编译尝试 2/5...
   🔧 检测到错误，尝试自动修复...
   ⚠️  无法自动修复，继续下一次尝试
   编译尝试 3/5...
   🔧 检测到错误，尝试自动修复...
   ⚠️  无法自动修复，继续下一次尝试
   编译尝试 4/5...
   🔧 检测到错误，尝试自动修复...
   ⚠️  无法自动修复，继续下一次尝试
   编译尝试 5/5...

❌ [UnifiedOrchestrator] 转换失败: 编译失败: Max retry attempts exceeded
[12:44:22] [INFO] Completed global_scale_fp16_nhwc: failed
[12:44:22] [INFO] Starting conversion: global_avg_pool_nhwc_fp16
🚀 [UnifiedOrchestrator] 启动统一转换: global_avg_pool_nhwc_fp16
   Session ID: global_avg_pool_nhwc_fp16_20260309_124422

📊 Phase 1: CUDA分析...
   📈 分析结果: 74行
      Device函数: 0
      Global kernels: 1
      复杂度: Level 2

🔄 Phase 2: SYCL转换...
   📝 Applied 17 replacement rules
   ✅ Rule-based conversion complete

🔨 Phase 3: 编译验证...
   编译尝试 1/5...
   🔧 检测到错误，尝试自动修复...
   ⚠️  无法自动修复，继续下一次尝试
   编译尝试 2/5...
   🔧 检测到错误，尝试自动修复...
   ⚠️  无法自动修复，继续下一次尝试
   编译尝试 3/5...
   🔧 检测到错误，尝试自动修复...
   ⚠️  无法自动修复，继续下一次尝试
   编译尝试 4/5...
   🔧 检测到错误，尝试自动修复...
   ⚠️  无法自动修复，继续下一次尝试
   编译尝试 5/5...

❌ [UnifiedOrchestrator] 转换失败: 编译失败: Max retry attempts exceeded
[12:44:31] [INFO] Completed global_avg_pool_nhwc_fp16: failed
[12:44:31] [INFO] Starting conversion: expand_planes_nhwc
🚀 [UnifiedOrchestrator] 启动统一转换: expand_planes_nhwc
   Session ID: expand_planes_nhwc_20260309_124431

📊 Phase 1: CUDA分析...
   📈 分析结果: 76行
      Device函数: 0
      Global kernels: 1
      复杂度: Level 2

🔄 Phase 2: SYCL转换...
   📝 Applied 17 replacement rules
   ✅ Rule-based conversion complete

🔨 Phase 3: 编译验证...
   编译尝试 1/5...
   🔧 检测到错误，尝试自动修复...
   ⚠️  无法自动修复，继续下一次尝试
   编译尝试 2/5...
   🔧 检测到错误，尝试自动修复...
   ⚠️  无法自动修复，继续下一次尝试
   编译尝试 3/5...
   🔧 检测到错误，尝试自动修复...
   ⚠️  无法自动修复，继续下一次尝试
   编译尝试 4/5...
   🔧 检测到错误，尝试自动修复...
   ⚠️  无法自动修复，继续下一次尝试
   编译尝试 5/5...

❌ [UnifiedOrchestrator] 转换失败: 编译失败: Max retry attempts exceeded
[12:44:40] [INFO] Completed expand_planes_nhwc: failed
[12:44:40] [INFO] Starting conversion: input_gating
🚀 [UnifiedOrchestrator] 启动统一转换: input_gating
   Session ID: input_gating_20260309_124440

📊 Phase 1: CUDA分析...
   📈 分析结果: 72行
      Device函数: 0
      Global kernels: 1
      复杂度: Level 2

🔄 Phase 2: SYCL转换...
   📝 Applied 17 replacement rules
   ✅ Rule-based conversion complete

🔨 Phase 3: 编译验证...
   编译尝试 1/5...
   🔧 检测到错误，尝试自动修复...
   ⚠️  无法自动修复，继续下一次尝试
   编译尝试 2/5...
   🔧 检测到错误，尝试自动修复...
   ⚠️  无法自动修复，继续下一次尝试
   编译尝试 3/5...
   🔧 检测到错误，尝试自动修复...
   ⚠️  无法自动修复，继续下一次尝试
   编译尝试 4/5...
   🔧 检测到错误，尝试自动修复...
   ⚠️  无法自动修复，继续下一次尝试
   编译尝试 5/5...

❌ [UnifiedOrchestrator] 转换失败: 编译失败: Max retry attempts exceeded
[12:44:42] [INFO] Completed input_gating: failed
[12:44:42] [INFO] Batch conversion completed
[12:44:42] [INFO] Report saved to: results/batch_conversion/batch2/completion_report.json
[12:44:42] [INFO] Markdown report: results/batch_conversion/batch2/completion_report.md

============================================================
📊 Batch Conversion Complete
============================================================
Success Rate: 0.0%
Successful: 0/5
Failed: 5/5
Output: results/batch_conversion/batch2/
============================================================

========================================
第二批转换完成
结束时间: Mon Mar  9 12:44:42 PM UTC 2026
========================================
